ack-grep					
acl						
acpi						
acpi-fakekey					
acpi-support					
acpi-support-base				
acpid						
adduser						
alsa-base					
alsa-firmware-loaders				
alsa-tools-gui					
alsa-utils					
anacron						
anki						
apache2-bin					
apt						
apt-listchanges					
apt-utils					
aptdaemon					
aptdaemon-data					
aptitude					
aptitude-common					
aspell						
aspell-en					
at						
at-spi2-core					
autoconf					
automake					
autopoint					
autotools-dev					
avahi-autoipd					
avahi-daemon					
baobab						
base-files					
base-passwd					
bash						
bash-completion					
bbswitch-dkms					
bbswitch-source					
bc						
bind9-host					
binfmt-support					
binutils					
binutils-dev					
blt						
bogofilter					
bogofilter-bdb					
bogofilter-common				
bsd-mailx					
bsdmainutils					
bsdtar						
bsdutils					
build-essential					
busybox						
bzip2						
ca-certificates					
calibre						
calibre-bin					
checkinstall					
clang-3.5					
cli-common					
clipit						
cmake						
cmake-data					
colord						
console-setup					
console-setup-linux				
consolekit					
coreutils					
cpio						
cpp						
cpp-4.8						
cron						
cryptsetup-bin					
cups-filters					
cups-filters-core-drivers			
curl						
dash						
db5.1-util					
dbus						
dbus-x11					
dc						
dconf-gsettings-backend:amd64			
dconf-service					
debconf						
debconf-i18n					
debhelper					
debian-archive-keyring				
debian-faq					
debianutils					
deluge						
deluge-common					
deluge-gtk					
deluge-torrent					
desktop-base					
desktop-file-utils				
dh-python					
dictionaries-common				
diffstat					
diffutils					
discover					
discover-data					
dkms						
dmidecode					
dmsetup						
dnsmasq-base					
dnsutils					
doc-debian					
docbook-xml					
dosfstools					
dpkg						
dpkg-dev					
e2fslibs:amd64					
e2fsprogs					
efibootmgr					
ekiga						
enchant						
ethtool						
evolution					
evolution-common				
evolution-data-server				
evolution-data-server-common			
evolution-plugins				
exfalso						
exim4						
exim4-base					
exim4-config					
exim4-daemon-light				
exo-utils					
ext4magic					
extlinux					
extundelete					
exuberant-ctags					
fakeroot					
feh						
file						
file-roller					
findutils					
firmware-atheros				
firmware-linux-free				
flashplugin-nonfree				
fontconfig					
fontconfig-config				
fonts-dejavu					
fonts-dejavu-core				
fonts-dejavu-extra				
fonts-droid					
fonts-freefont-otf				
fonts-freefont-ttf				
fonts-liberation				
fonts-lyx					
fonts-mathjax					
fonts-oflb-asana-math				
fonts-opensymbol				
fonts-sil-gentium				
fonts-sil-gentium-basic				
fonts-stix					
foomatic-db-compressed-ppds			
fortune-mod					
fortunes-min					
freeglut3:amd64					
freeglut3:i386					
freepats					
ftp						
fuse						
fxload						
g++						
g++-4.8						
gcc						
gcc-4.8						
gcc-4.8-base:amd64				
gcc-4.8-base:i386				
gcc-4.8-doc					
gcc-doc						
gcc-doc-base					
gconf-service					
gconf2						
gconf2-common					
gcr						
gdb						
gdbserver					
gdebi-core					
gdisk						
geoip-database					
gettext						
gettext-base					
ghc						
ghc-doc						
ghc-haddock					
ghostscript					
giblib1:amd64					
gimp						
gimp-data					
gir1.2-atk-1.0					
gir1.2-freedesktop				
gir1.2-gdkpixbuf-2.0				
gir1.2-glib-2.0					
gir1.2-gst-plugins-base-0.10			
gir1.2-gst-plugins-base-1.0			
gir1.2-gstreamer-0.10				
gir1.2-gstreamer-1.0				
gir1.2-gtk-3.0					
gir1.2-gtksource-3.0				
gir1.2-notify-0.7				
gir1.2-pango-1.0				
gir1.2-vte-2.90					
git						
git-gui						
git-man						
gitg						
gksu						
glib-networking:amd64				
glib-networking-common				
glib-networking-services			
glx-alternative-mesa				
glx-diversions					
gmpc						
gmpc-data					
gnome-colors-common				
gnome-desktop3-data				
gnome-dust-icon-theme				
gnome-icon-theme				
gnome-icon-theme-symbolic			
gnome-keyring					
gnome-mime-data					
gnome-mplayer					
gnome-settings-daemon				
gnome-themes-standard:amd64			
gnome-themes-standard-data			
gnome-video-effects				
gnupg						
gnupg-agent					
gnupg2						
gnustep-base-common				
gnustep-base-runtime				
gnustep-common					
gparted						
gpgv						
grep						
groff-base					
grub-common					
grub-efi					
grub-efi-amd64					
grub-efi-amd64-bin				
grub2-common					
gsettings-desktop-schemas			
gsfonts						
gsmartcontrol					
gstreamer0.10-alsa:amd64			
gstreamer0.10-chromaprint			
gstreamer0.10-gconf:amd64			
gstreamer0.10-nice:amd64			
gstreamer0.10-plugins-bad:amd64			
gstreamer0.10-plugins-base:amd64		
gstreamer0.10-plugins-good:amd64		
gstreamer0.10-pulseaudio:amd64			
gstreamer0.10-x:amd64				
gstreamer1.0-alsa:amd64				
gstreamer1.0-clutter				
gstreamer1.0-plugins-bad:amd64			
gstreamer1.0-plugins-base:amd64			
gstreamer1.0-plugins-good:amd64			
gstreamer1.0-plugins-ugly:amd64			
gstreamer1.0-pulseaudio:amd64			
gstreamer1.0-x:amd64				
gtk-chtheme					
gtk-theme-switch				
gtk2-engines-murrine:amd64			
gtk2-engines-pixbuf:amd64			
gtk2-engines-xfce				
gtk3-engines-xfce				
gtypist						
gvfs:amd64					
gvfs-backends					
gvfs-common					
gvfs-daemons					
gvfs-fuse					
gvfs-libs:amd64					
gzip						
hardening-includes				
hddtemp						
hdevtools					
hdparm						
hicolor-icon-theme				
host						
hostname					
htop						
hunspell-en-us					
hwdata						
hwinfo						
hyphen-en-us					
i2c-tools					
i7z						
i7z-gui						
iamerican					
ibam						
ibritish					
iceweasel					
ienglish-common					
ifupdown					
imagemagick					
imagemagick-common				
info						
init-system-helpers				
initramfs-tools					
initscripts					
insserv						
install-info					
installation-report				
intltool					
intltool-debian					
iproute						
iproute2					
iptables					
iputils-ping					
isc-dhcp-client					
isc-dhcp-common					
iso-codes					
ispell						
iw						
jackd						
jackd2						
jackd2-firewire					
javascript-common				
kbd						
kbdd						
kdm-theme-aperture				
keyboard-configuration				
klibc-utils					
kmod						
krb5-locales					
ksplash-theme-aperture				
ksplash-theme-bespin				
ksplash-theme-tibanna				
laptop-detect					
less						
liba52-0.7.4					
libaa1:amd64					
libaacs0:amd64					
libacl1:amd64					
libadplug-2.2.1-0				
libalgorithm-diff-perl				
libalgorithm-diff-xs-perl			
libalgorithm-merge-perl				
libamd2.2.0					
libamd2.3.1:amd64				
libao-common					
libao4						
libapache-pom-java				
libappindicator1				
libappindicator3-1				
libapr1:amd64					
libaprutil1:amd64				
libaprutil1-dbd-sqlite3:amd64			
libaprutil1-ldap:amd64				
libapt-inst1.5:amd64				
libapt-pkg-perl					
libapt-pkg4.12:amd64				
libarchive-extract-perl				
libarchive-zip-perl				
libarchive13:amd64				
libart-2.0-2:amd64				
libasan0:amd64					
libasn1-8-heimdal:amd64				
libasound2:amd64				
libasound2:i386					
libasound2-data					
libasound2-plugins:amd64			
libasound2-plugins:i386				
libaspell15					
libasprintf-dev:amd64				
libasprintf0c2:amd64				
libass4:amd64					
libassuan0:amd64				
libasyncns0:amd64				
libasyncns0:i386				
libatasmart4:amd64				
libatk-bridge2.0-0:amd64			
libatk1.0-0:amd64				
libatk1.0-0:i386				
libatk1.0-data					
libatkmm-1.6-1:amd64				
libatm1:amd64					
libatomic1:amd64				
libatspi2.0-0:amd64				
libattr1:amd64					
libattr1:i386					
libaudio2:amd64					
libaudio2:i386					
libaudiofile1:amd64				
libaudit-common					
libaudit1:amd64					
libauthen-sasl-perl				
libautodie-perl					
libav-tools					
libavahi-client3:amd64				
libavahi-client3:i386				
libavahi-common-data:amd64			
libavahi-common-data:i386			
libavahi-common3:amd64				
libavahi-common3:i386				
libavahi-core7:amd64				
libavahi-glib1:amd64				
libavc1394-0:amd64				
libavcodec-extra				
libavcodec-extra-54:amd64			
libavcodec-extra-54:i386			
libavdevice53:amd64				
libavfilter3:amd64				
libavformat54:amd64				
libavresample1:amd64				
libavutil52:amd64				
libavutil52:i386				
libbabl-0.1-0:amd64				
libbasicusageenvironment0			
libbind9-80					
libbinio1ldbl:amd64				
libblas3					
libblkid1:amd64					
libbluray1:amd64				
libbonobo2-0:amd64				
libbonobo2-common				
libbonoboui2-0:amd64				
libbonoboui2-common				
libboost-iostreams1.49.0			
libboost-iostreams1.54.0:amd64			
libboost-python1.54.0				
libboost-signals1.54.0:amd64			
libboost-system1.54.0:amd64			
libbs2b0					
libbsd-dev					
libbsd0:amd64					
libbz2-1.0:amd64				
libc-bin					
libc-dev-bin					
libc6:amd64					
libc6:i386					
libc6-amd64					
libc6-dbg:amd64					
libc6-dev:amd64					
libc6-dev:i386					
libc6-dev-amd64					
libc6-i686:i386					
libcaca0:amd64					
libcaca0:i386					
libcairo-gobject2:amd64				
libcairo2:amd64					
libcairo2:i386					
libcairomm-1.0-1				
libcamd2.3.1:amd64				
libcamel-1.2-43					
libcanberra-gtk-module:amd64			
libcanberra-gtk0:amd64				
libcanberra-gtk3-0:amd64			
libcanberra-gtk3-module:amd64			
libcanberra0:amd64				
libcap-ng0					
libcap2:amd64					
libcap2:i386					
libcap2-bin					
libcapi20-3:amd64				
libccolamd2.8.0:amd64				
libcdaudio1					
libcddb2					
libcdio-cdda1					
libcdio-paranoia1				
libcdio13					
libcdparanoia0:amd64				
libcheese-gtk23:amd64				
libcheese7:amd64				
libchm1						
libcholmod2.1.2:amd64				
libchromaprint0:amd64				
libck-connector0:amd64				
libclang-common-3.5-dev				
libclang1-3.5:amd64				
libclass-accessor-perl				
libclass-isa-perl				
libclone-perl					
libcloog-isl4:amd64				
libclutter-1.0-0:amd64				
libclutter-1.0-common				
libclutter-gst-2.0-0:amd64			
libclutter-gtk-1.0-0:amd64			
libcmis-0.2-0					
libcogl-common					
libcogl-pango12:amd64				
libcogl12:amd64					
libcolamd2.7.1					
libcolamd2.8.0:amd64				
libcolord1:amd64				
libcolorhug1:amd64				
libcomerr2:amd64				
libcomerr2:i386					
libcommons-beanutils-java			
libcommons-collections3-java			
libcommons-compress-java			
libcommons-digester-java			
libcommons-logging-java				
libcommons-parent-java				
libconfig++9:amd64				
libcroco3:amd64					
libcrypt-passwdmd5-perl				
libcryptsetup4					
libcrystalhd3:amd64				
libcups2:amd64					
libcups2:i386					
libcupsfilters1:amd64				
libcupsimage2:amd64				
libcurl3:amd64					
libcurl3-gnutls:amd64				
libcwidget3					
libdaemon0					
libdatrie1:amd64				
libdatrie1:i386					
libdb-java					
libdb-je-java					
libdb5.1:amd64					
libdb5.1:i386					
libdb5.1-java-jni:amd64				
libdb5.3:amd64					
libdb5.3-java					
libdb5.3-java-jni:amd64				
libdbi1:amd64					
libdbus-1-3:amd64				
libdbus-1-3:i386				
libdbus-glib-1-2:amd64				
libdbusmenu-glib4:amd64				
libdbusmenu-gtk3-4:amd64			
libdbusmenu-gtk4:amd64				
libdc1394-22:amd64				
libdca0:amd64					
libdconf1:amd64					
libdevmapper-event1.02.1:amd64			
libdevmapper1.02.1:amd64			
libdigest-hmac-perl				
libdirac-decoder0:amd64				
libdirac-encoder0:amd64				
libdirectfb-1.2-9:amd64				
libdirectfb-1.2-9:i386				
libdiscid0:amd64				
libdiscover2					
libdjvulibre-text				
libdjvulibre21:amd64				
libdnet						
libdns88					
libdpkg-perl					
libdrm-dev:amd64				
libdrm-intel1:amd64				
libdrm-intel1:i386				
libdrm-nouveau2:amd64				
libdrm-nouveau2:i386				
libdrm-radeon1:amd64				
libdrm-radeon1:i386				
libdrm2:amd64					
libdrm2:i386					
libdv4:amd64					
libdvbpsi7					
libdvbpsi8:amd64				
libdvdnav4:amd64				
libdvdread4:amd64				
libdw1:amd64					
libebackend-1.2-6				
libebml3:amd64					
libebml4:amd64					
libebook-1.2-14					
libebook-contacts-1.2-0				
libecal-1.2-15					
libedata-book-1.2-17				
libedata-cal-1.2-20				
libedataserver-1.2-17				
libedit2:amd64					
libee0						
libegl1-mesa:amd64				
libegl1-mesa:i386				
libegl1-mesa-drivers:amd64			
libegl1-mesa-drivers:i386			
libelf1:amd64					
libelf1:i386					
libelfg0:amd64					
libemail-valid-perl				
libenca0:amd64					
libenchant1c2a:amd64				
libencode-locale-perl				
libept1.4.12:amd64				
liberror-perl					
libestr0					
libevent-2.0-5:amd64				
libevent-core-2.0-5:amd64			
libevent-dev					
libevent-extra-2.0-5:amd64			
libevent-openssl-2.0-5:amd64			
libevent-pthreads-2.0-5:amd64			
libevolution					
libexif12:amd64					
libexif12:i386					
libexiv2-12					
libexo-1-0:amd64				
libexo-common					
libexo-helpers					
libexpat1:amd64					
libexpat1:i386					
libexpat1-dev:amd64				
libexttextcat-data				
libfaad2:amd64					
libfarstream-0.1-0:amd64			
libffado2					
libffi-dev:amd64				
libffi6:amd64					
libffi6:i386					
libfftw3-3:amd64				
libfftw3-double3:amd64				
libfftw3-long3:amd64				
libfftw3-single3:amd64				
libfile-basedir-perl				
libfile-copy-recursive-perl			
libfile-desktopentry-perl			
libfile-fcntllock-perl				
libfile-listing-perl				
libfile-mimeinfo-perl				
libfile-next-perl				
libflac8:amd64					
libflac8:i386					
libflite1:amd64					
libfltk1.1:amd64				
libfluidsynth1:amd64				
libfluidsynth1:i386				
libfont-afm-perl				
libfontconfig1:amd64				
libfontconfig1:i386				
libfontconfig1-dev:amd64			
libfontembed1:amd64				
libfontenc1:amd64				
libfreerdp1:amd64				
libfreetype6:amd64				
libfreetype6:i386				
libfreetype6-dev				
libfribidi0:amd64				
libfs6:amd64					
libftdi1:amd64					
libfuse2:amd64					
libgail-3-0:amd64				
libgail18:amd64					
libgarcon-1-0					
libgarcon-common				
libgbm1:amd64					
libgbm1:i386					
libgc1c2:amd64					
libgcc-4.8-dev:amd64				
libgcc1:amd64					
libgcc1:i386					
libgck-1-0:amd64				
libgconf-2-4:amd64				
libgconf2-4:amd64				
libgconfmm-2.6-1c2				
libgcr-3-common					
libgcr-base-3-1:amd64				
libgcr-ui-3-1:amd64				
libgcrypt11:amd64				
libgcrypt11:i386				
libgd3:amd64					
libgd3:i386					
libgda-5.0-4					
libgda-5.0-common				
libgdata-common					
libgdata13					
libgdbm3:amd64					
libgdk-pixbuf2.0-0:amd64			
libgdk-pixbuf2.0-0:i386				
libgdk-pixbuf2.0-common				
libgdk-pixbuf2.0-dev				
libgdome2-0					
libgegl-0.2-0:amd64				
libgeoclue0:amd64				
libgeoip1:amd64					
libgettextpo-dev:amd64				
libgettextpo0:amd64				
libgfortran3:amd64				
libghc-data-default-dev				
libghc-data-default-doc				
libghc-dlist-dev				
libghc-dlist-doc				
libghc-extensible-exceptions-dev		
libghc-mtl-dev					
libghc-mtl-doc					
libghc-random-dev				
libghc-transformers-dev				
libghc-transformers-doc				
libghc-utf8-string-dev				
libghc-x11-dev					
libghc-x11-doc					
libghc-x11-xft-dev				
libghc-x11-xft-doc				
libghc-xmonad-contrib-dev			
libghc-xmonad-contrib-doc			
libghc-xmonad-dev				
libghc-xmonad-doc				
libgif4:amd64					
libgimp2.0					
libgirara-gtk3-1:amd64				
libgirepository-1.0-1				
libgksu2-0					
libgl1-mesa-dev					
libgl1-mesa-dri:amd64				
libgl1-mesa-dri:i386				
libgl1-mesa-glx:amd64				
libgl1-mesa-glx:i386				
libglade2-0:amd64				
libglademm-2.4-1c2a				
libglapi-mesa:amd64				
libglapi-mesa:i386				
libgle3						
libgles2-mesa:amd64				
libglew1.10:amd64				
libglew1.10:i386				
libglib2.0-0:amd64				
libglib2.0-0:i386				
libglib2.0-bin					
libglib2.0-data					
libglib2.0-dev					
libglibmm-2.4-1c2a:amd64			
libglu1-mesa:amd64				
libglu1-mesa:i386				
libglu1-mesa-dev				
libgme0						
libgmlib1:amd64					
libgmp-dev:amd64				
libgmp10:amd64					
libgmpxx4ldbl:amd64				
libgmtk1:amd64					
libgmtk1-data					
libgnome-2-0:amd64				
libgnome-desktop-2-17				
libgnome-desktop-3-7				
libgnome-keyring-common				
libgnome-keyring0:amd64				
libgnome2-0:amd64				
libgnome2-bin					
libgnome2-common				
libgnomecanvas2-0:amd64				
libgnomecanvas2-common				
libgnomeui-0:amd64				
libgnomeui-common				
libgnomevfs2-0:amd64				
libgnomevfs2-common				
libgnomevfs2-extra:amd64			
libgnustep-base1.22				
libgnutls-openssl27:amd64			
libgnutls26:amd64				
libgnutls26:i386				
libgnutls28:amd64				
libgoa-1.0-0:amd64				
libgoa-1.0-common				
libgomp1:amd64					
libgpg-error0:amd64				
libgpg-error0:i386				
libgpgme11:amd64				
libgphoto2-6:amd64				
libgphoto2-6:i386				
libgphoto2-port10:amd64				
libgphoto2-port10:i386				
libgpm2:amd64					
libgpm2:i386					
libgpod-common					
libgpod4:amd64					
libgraphite2-3:amd64				
libgraphite2-3:i386				
libgroupsock1					
libgs9						
libgs9-common					
libgsl0ldbl					
libgsm1:amd64					
libgsm1:i386					
libgssapi-krb5-2:amd64				
libgssapi-krb5-2:i386				
libgssapi3-heimdal:amd64			
libgssdp-1.0-3					
libgssglue1:amd64				
libgstreamer-plugins-bad0.10-0:amd64		
libgstreamer-plugins-bad1.0-0:amd64		
libgstreamer-plugins-base0.10-0:amd64		
libgstreamer-plugins-base0.10-0:i386		
libgstreamer-plugins-base0.10-dev		
libgstreamer-plugins-base1.0-0:amd64		
libgstreamer0.10-0:amd64			
libgstreamer0.10-0:i386				
libgstreamer0.10-dev				
libgstreamer1.0-0:amd64				
libgtk-3-0:amd64				
libgtk-3-bin					
libgtk-3-common					
libgtk2.0-0:amd64				
libgtk2.0-0:i386				
libgtk2.0-bin					
libgtk2.0-common				
libgtkglext1					
libgtkhtml-4.0-0				
libgtkhtml-4.0-common				
libgtkhtml-editor-4.0-0				
libgtkmm-2.4-1c2a:amd64				
libgtkmm-3.0-1:amd64				
libgtksourceview-3.0-1:amd64			
libgtksourceview-3.0-common			
libgtksourceview2.0-0				
libgtksourceview2.0-common			
libgtkspell0					
libgtop2-7					
libgtop2-common					
libgudev-1.0-0:amd64				
libgupnp-1.0-4					
libgupnp-igd-1.0-4:amd64			
libgusb2:amd64					
libgweather-3-3					
libgweather-common				
libhal1						
libharfbuzz-icu0:amd64				
libharfbuzz0b:amd64				
libharfbuzz0b:i386				
libhcrypto4-heimdal:amd64			
libhd16						
libheimbase1-heimdal:amd64			
libheimntlm0-heimdal:amd64			
libhogweed2:amd64				
libhsqldb-java					
libhtml-form-perl				
libhtml-format-perl				
libhtml-parser-perl				
libhtml-tagset-perl				
libhtml-template-perl				
libhtml-tree-perl				
libhttp-cookies-perl				
libhttp-daemon-perl				
libhttp-date-perl				
libhttp-message-perl				
libhttp-negotiate-perl				
libhunspell-1.3-0:amd64				
libhx509-5-heimdal:amd64			
libhyphen0					
libibus-1.0-5:amd64				
libical0					
libice-dev:amd64				
libice6:amd64					
libice6:i386					
libicu4j-java					
libicu52:amd64					
libid3tag0					
libidl0:amd64					
libidn11:amd64					
libidn11:i386					
libiec61883-0					
libieee1284-3:amd64				
libijs-0.35					
libilmbase6:amd64				
libimlib2					
libimobiledevice4:amd64				
libindicate5					
libindicator3-7					
libindicator7					
libintl-perl					
libio-html-perl					
libio-pty-perl					
libio-socket-inet6-perl				
libio-socket-ip-perl				
libio-socket-ssl-perl				
libio-string-perl				
libipc-run-perl					
libipc-system-simple-perl			
libisc84					
libisccc80					
libisccfg82					
libisl10:amd64					
libiso9660-8					
libitm1:amd64					
libiw30:amd64					
libjack-jackd2-0:amd64				
libjack-jackd2-0:i386				
libjasper1:amd64				
libjasper1:i386					
libjavascriptcoregtk-1.0-0:amd64		
libjavascriptcoregtk-3.0-0:amd64		
libjaxp1.3-java					
libjbig0:amd64					
libjbig0:i386					
libjbig2dec0					
libjim0debian2:amd64				
libjline-java					
libjpeg-progs					
libjpeg8:amd64					
libjpeg8:i386					
libjs-excanvas					
libjs-jquery					
libjs-jquery-flot				
libjs-jquery-ui					
libjs-mathjax					
libjs-sphinxdoc					
libjs-underscore				
libjson-c2:amd64				
libjson-c2:i386					
libjson-glib-1.0-0:amd64			
libjson-glib-1.0-common				
libjsoncpp0					
libjtidy-java					
libk5crypto3:amd64				
libk5crypto3:i386				
libkate1					
libkeybinder0					
libkeyutils1:amd64				
libkeyutils1:i386				
libklibc					
libkmod2:amd64					
libkrb5-26-heimdal:amd64			
libkrb5-3:amd64					
libkrb5-3:i386					
libkrb5support0:amd64				
libkrb5support0:i386				
libksba8:amd64					
liblapack3					
liblcms1:amd64					
liblcms1:i386					
liblcms2-2:amd64				
liblcms2-2:i386					
libldap-2.4-2:amd64				
libldap-2.4-2:i386				
libldb1:amd64					
liblensfun-data					
liblensfun0					
liblightdm-gobject-1-0				
liblircclient0					
liblist-moreutils-perl				
liblivemedia15					
liblivemedia23					
libllvm3.3:amd64				
libllvm3.3:i386					
libllvm3.5:amd64				
liblocale-gettext-perl				
liblockfile-bin					
liblockfile1:amd64				
liblog-message-simple-perl			
liblognorm0					
libloudmouth1-0					
liblqr-1-0:amd64				
libltdl-dev:amd64				
libltdl7:amd64					
libltdl7:i386					
liblua5.1-0:amd64				
liblua5.2-0:amd64				
liblucene2-java					
liblvm2app2.2:amd64				
liblwp-mediatypes-perl				
liblwp-protocol-https-perl			
liblwres80					
liblzma5:amd64					
liblzma5:i386					
liblzo2-2:amd64					
libmad0:amd64					
libmad0:i386					
libmagic1:amd64					
libmagickcore5:amd64				
libmagickcore5-extra:amd64			
libmagickwand5:amd64				
libmail-sendmail-perl				
libmailtools-perl				
libmatroska5:amd64				
libmatroska6:amd64				
libmeanwhile1					
libmetacity-private0a				
libmhash2:amd64					
libmikmod2:amd64				
libmikmod2:i386					
libmimic0					
libminiupnpc5					
libmms0:amd64					
libmng1:amd64					
libmng1:i386					
libmnl0:amd64					
libmodplug1					
libmodule-pluggable-perl			
libmono-corlib4.5-cil				
libmono-i18n-cjk4.0-cil				
libmono-i18n-mideast4.0-cil			
libmono-i18n-other4.0-cil			
libmono-i18n-rare4.0-cil			
libmono-i18n-west4.0-cil			
libmono-i18n4.0-all				
libmono-i18n4.0-cil				
libmono-security4.0-cil				
libmono-system-configuration4.0-cil		
libmono-system-security4.0-cil			
libmono-system-xml4.0-cil			
libmono-system4.0-cil				
libmount1					
libmozjs24d					
libmozjs26d					
libmp3lame0:amd64				
libmp3lame0:i386				
libmpc3:amd64					
libmpcdec6:amd64				
libmpd1						
libmpdclient2					
libmpdec2:amd64					
libmpeg2-4:amd64				
libmpfr4:amd64					
libmpg123-0:amd64				
libmpg123-0:i386				
libmtdev1:amd64					
libmtp-common					
libmtp-runtime					
libmtp9:amd64					
libmusicbrainz3-6				
libmythes-1.2-0					
libnatpmp1					
libnautilus-extension1a				
libncurses5:amd64				
libncurses5-dev:amd64				
libncursesw5:amd64				
libncursesw5:i386				
libneon27-gnutls				
libnet-dbus-perl				
libnet-dns-perl					
libnet-domain-tld-perl				
libnet-http-perl				
libnet-ip-perl					
libnet-smtp-ssl-perl				
libnet-ssleay-perl				
libnetfilter-conntrack3:amd64			
libnetpbm10					
libnettle4:amd64				
libnewt0.52:amd64				
libnfnetlink0:amd64				
libnfsidmap2:amd64				
libnice10:amd64					
libnl-3-200:amd64				
libnl-genl-3-200:amd64				
libnl-route-3-200:amd64				
libnm-glib-vpn1					
libnm-glib4					
libnm-gtk-common				
libnm-gtk0					
libnm-util2					
libnotify-bin					
libnotify-dev					
libnotify4:amd64				
libnspr4:amd64					
libnss-mdns:amd64				
libnss3:amd64					
libnss3-1d:amd64				
libntdb1:amd64					
libnuma1:amd64					
liboauth0:amd64					
libobjc-4.8-dev:amd64				
libobjc4:amd64					
libodbc1:amd64					
libofa0						
libogg0:amd64					
libogg0:i386					
libopal3.10.10					
libopenal-data					
libopenal1:amd64				
libopenal1:i386					
libopencore-amrnb0:amd64			
libopencore-amrnb0:i386				
libopencore-amrwb0:amd64			
libopencore-amrwb0:i386				
libopencv-calib3d2.4:amd64			
libopencv-contrib2.4:amd64			
libopencv-core2.4:amd64				
libopencv-features2d2.4:amd64			
libopencv-flann2.4:amd64			
libopencv-highgui2.4:amd64			
libopencv-imgproc2.4:amd64			
libopencv-legacy2.4:amd64			
libopencv-ml2.4:amd64				
libopencv-objdetect2.4:amd64			
libopencv-video2.4:amd64			
libopenexr6:amd64				
libopenjpeg2:amd64				
libopenjpeg2:i386				
libopenobex1					
libopenraw1:amd64				
libopenvg1-mesa:amd64				
libopenvg1-mesa:i386				
libopts25:amd64					
libopus0:amd64					
libopus0:i386					
libopusfile0					
liborbit-2-0:amd64				
liborbit2:amd64					
liborc-0.4-0:amd64				
liborc-0.4-0:i386				
libp11-kit0:amd64				
libp11-kit0:i386				
libpackagekit-glib2-16:amd64			
libpam-cap:amd64				
libpam-ck-connector:amd64			
libpam-gnome-keyring				
libpam-modules:amd64				
libpam-modules-bin				
libpam-runtime					
libpam-systemd:amd64				
libpam0g:amd64					
libpanel-applet-4-0				
libpango-1.0-0:amd64				
libpango-1.0-0:i386				
libpango1.0-0:amd64				
libpangocairo-1.0-0:amd64			
libpangocairo-1.0-0:i386			
libpangoft2-1.0-0:amd64				
libpangoft2-1.0-0:i386				
libpangomm-1.4-1:amd64				
libpangox-1.0-0:amd64				
libpangoxft-1.0-0:amd64				
libpaper-utils					
libpaper1:amd64					
libparse-debianchangelog-perl			
libparted0debian1:amd64				
libpcap0.8:amd64				
libpci3:amd64					
libpciaccess0:amd64				
libpciaccess0:i386				
libpcre3:amd64					
libpcre3:i386					
libpcre3-dev:amd64				
libpcrecpp0:amd64				
libpcsclite1:amd64				
libperl4-corelibs-perl				
libperl5.18					
libperlio-gzip-perl				
libphonon4:amd64				
libpipeline1:amd64				
libpixman-1-0:amd64				
libpixman-1-0:i386				
libplist1:amd64					
libpng12-0:amd64				
libpng12-0:i386					
libpng12-dev					
libpodofo0.9.0					
libpolkit-agent-1-0:amd64			
libpolkit-backend-1-0:amd64			
libpolkit-gobject-1-0:amd64			
libpoppler-glib8:amd64				
libpoppler19:amd64				
libpoppler37:amd64				
libpopt0:amd64					
libportaudio2:amd64				
libportmidi0					
libpostproc52					
libprocps0:amd64				
libprocps3:amd64				
libproxy-tools					
libproxy1:amd64					
libpst4:amd64					
libpt2.10.10					
libpth20:amd64					
libpthread-stubs0-dev:amd64			
libpulse-mainloop-glib0:amd64			
libpulse0:amd64					
libpulse0:i386					
libpulsedsp:amd64				
libpurple-bin					
libpurple0					
libpython-dev:amd64				
libpython-stdlib:amd64				
libpython2.7:amd64				
libpython2.7-dev:amd64				
libpython2.7-minimal:amd64			
libpython2.7-stdlib:amd64			
libpython3-stdlib:amd64				
libpython3.3-minimal:amd64			
libpython3.3-stdlib:amd64			
libpython3.4:amd64				
libpython3.4-dev:amd64				
libpython3.4-minimal:amd64			
libpython3.4-stdlib:amd64			
libqgsttools-p1:amd64				
libqpdf13:amd64					
libqt4-dbus:amd64				
libqt4-dbus:i386				
libqt4-declarative:amd64			
libqt4-declarative-gestures:amd64		
libqt4-declarative-particles:amd64		
libqt4-designer:amd64				
libqt4-help:amd64				
libqt4-network:amd64				
libqt4-network:i386				
libqt4-script:amd64				
libqt4-scripttools:amd64			
libqt4-sql:amd64				
libqt4-sql-sqlite:amd64				
libqt4-svg:amd64				
libqt4-test:amd64				
libqt4-xml:amd64				
libqt4-xml:i386					
libqt4-xmlpatterns:amd64			
libqt5clucene5:amd64				
libqt5concurrent5:amd64				
libqt5core5a:amd64				
libqt5dbus5:amd64				
libqt5declarative5:amd64			
libqt5designer5:amd64				
libqt5designercomponents5:amd64			
libqt5gui5:amd64				
libqt5help5:amd64				
libqt5multimedia5:amd64				
libqt5multimedia5-plugins:amd64			
libqt5multimediawidgets5:amd64			
libqt5network5:amd64				
libqt5opengl5:amd64				
libqt5opengl5-dev				
libqt5printsupport5:amd64			
libqt5qml-graphicaleffects:amd64		
libqt5qml5:amd64				
libqt5quick5:amd64				
libqt5quickparticles5:amd64			
libqt5quicktest5:amd64				
libqt5script5:amd64				
libqt5scripttools5:amd64			
libqt5sensors5:amd64				
libqt5sql5:amd64				
libqt5sql5-sqlite:amd64				
libqt5test5:amd64				
libqt5webkit5:amd64				
libqt5webkit5-dev				
libqt5widgets5:amd64				
libqt5xml5:amd64				
libqtassistantclient4:amd64			
libqtcore4:amd64				
libqtcore4:i386					
libqtdbus4:amd64				
libqtdbus4:i386					
libqtgui4:amd64					
libqtgui4:i386					
libqtwebkit4:amd64				
libqtwebkit4:i386				
libquadmath0:amd64				
libquvi-scripts					
libquvi7:amd64					
libraptor2-0:amd64				
librarian0					
libraw1394-11:amd64				
librcc0						
librcd0						
librdf0:amd64					
libreadline5:amd64				
libreadline6:amd64				
libreadline6:i386				
librecode0:amd64				
libregexp-java					
libresid-builder0c2a				
librest-0.7-0:amd64				
libroar2					
libroken18-heimdal:amd64			
librrd4						
librsvg2-2:amd64				
librsvg2-common:amd64				
librtmp0:amd64					
libruby1.9.1					
libsamplerate0:amd64				
libsamplerate0:i386				
libsane:amd64					
libsane-common					
libsane-extras:amd64				
libsane-extras-common				
libsasl2-2:amd64				
libsasl2-2:i386					
libsasl2-modules:amd64				
libsasl2-modules:i386				
libsasl2-modules-db:amd64			
libsasl2-modules-db:i386			
libsbc1:amd64					
libschroedinger-1.0-0:amd64			
libschroedinger-1.0-0:i386			
libsdl-image1.2:amd64				
libsdl-mixer1.2:amd64				
libsdl-mixer1.2:i386				
libsdl-ttf2.0-0:amd64				
libsdl1.2debian:amd64				
libsdl1.2debian:i386				
libsecret-1-0:amd64				
libsecret-common				
libselinux1:amd64				
libselinux1:i386				
libsemanage-common				
libsemanage1:amd64				
libsensors4:amd64				
libsepol1:amd64					
libserf-1-1:amd64				
libservlet2.5-java				
libsgutils2-2					
libshout3:amd64					
libsidplay1					
libsidplay2					
libsidutils0					
libsigc++-2.0-0c2a:amd64			
libsigsegv2:amd64				
libslang2:amd64					
libslang2:i386					
libslp1						
libslv2-9					
libsm-dev:amd64					
libsm6:amd64					
libsm6:i386					
libsmbclient:amd64				
libsmpeg0:amd64					
libsndfile1:amd64				
libsndfile1:i386				
libsocket-perl					
libsocket6-perl					
libsoundtouch0:amd64				
libsoup-gnome2.4-1:amd64			
libsoup2.4-1:amd64				
libspandsp2					
libspeex1:amd64					
libspeex1:i386					
libspeexdsp1:amd64				
libspeexdsp1:i386				
libsqlite3-0:amd64				
libsqlite3-0:i386				
libsqlite3-dev:amd64				
libsrtp0					
libss2:amd64					
libssh2-1:amd64					
libssl1.0.0:amd64				
libssl1.0.0:i386				
libstartup-notification0:amd64			
libstdc++-4.8-dev:amd64				
libstdc++5:amd64				
libstdc++6:amd64				
libstdc++6:i386					
libsub-identify-perl				
libsub-name-perl				
libsvn1:amd64					
libswitch-perl					
libswscale2:amd64				
libsys-hostname-long-perl			
libsystemd-daemon0:amd64			
libsystemd-journal0:amd64			
libsystemd-login0:amd64				
libtag1-vanilla:amd64				
libtag1c2a:amd64				
libtagc0:amd64					
libtalloc2:amd64				
libtar0						
libtasn1-3:amd64				
libtasn1-6:amd64				
libtasn1-6:i386					
libtbb2						
libtdb1:amd64					
libterm-ui-perl					
libtevent0:amd64				
libtext-charwidth-perl				
libtext-iconv-perl				
libtext-levenshtein-perl			
libtext-soundex-perl				
libtext-unidecode-perl				
libtext-wrapi18n-perl				
libthai-data					
libthai0:amd64					
libthai0:i386					
libtheora0:amd64				
libtheora0:i386					
libthunarx-2-0					
libtidy-0.99-0					
libtie-ixhash-perl				
libtiff4:amd64					
libtiff5:amd64					
libtiff5:i386					
libtimedate-perl				
libtinfo-dev:amd64				
libtinfo5:amd64					
libtinfo5:i386					
libtirpc1:amd64					
libtokyocabinet9:amd64				
libtool						
libtorrent-rasterbar7				
libts-0.0-0:amd64				
libts-0.0-0:i386				
libtsan0:amd64					
libtumbler-1-0					
libtwolame0					
libtxc-dxtn-s2tc0:amd64				
libtxc-dxtn-s2tc0:i386				
libudev0:amd64					
libudev1:amd64					
libudev1:i386					
libudisks2-0:amd64				
libumfpack5.4.0					
libumfpack5.6.2:amd64				
libunique-1.0-0					
libunistring0:amd64				
libunwind8					
libupnp6					
libupower-glib1:amd64				
liburi-perl					
libusageenvironment1				
libusb-0.1-4:amd64				
libusb-1.0-0:amd64				
libusb-1.0-0:i386				
libusbmuxd2					
libustr-1.0-1:amd64				
libutempter0					
libuuid-perl					
libuuid1:amd64					
libuuid1:i386					
libv4l-0:amd64					
libv4lconvert0:amd64				
libva-x11-1:amd64				
libva1:amd64					
libva1:i386					
libvcdinfo0					
libvdpau1:amd64					
libvisio-0.0-0					
libvisual-0.4-0:amd64				
libvisual-0.4-plugins:amd64			
libvlc5						
libvlccore7					
libvo-aacenc0:amd64				
libvo-aacenc0:i386				
libvo-amrwbenc0:amd64				
libvo-amrwbenc0:i386				
libvorbis0a:amd64				
libvorbis0a:i386				
libvorbisenc2:amd64				
libvorbisenc2:i386				
libvorbisfile3:amd64				
libvorbisfile3:i386				
libvpx1:amd64					
libvpx1:i386					
libvte-2.90-9					
libvte-2.90-common				
libvte-common					
libvte9						
libwacom-common					
libwacom2:amd64					
libwavpack1:amd64				
libwayland-client0:amd64			
libwayland-client0:i386				
libwayland-server0:amd64			
libwayland-server0:i386				
libwbclient0:amd64				
libwebkitgtk-1.0-0:amd64			
libwebkitgtk-1.0-common				
libwebkitgtk-3.0-0:amd64			
libwebkitgtk-3.0-common				
libwebp2:amd64					
libwebp5:amd64					
libwebpdemux1:amd64				
libwebpmux1:amd64				
libwebrtc-audio-processing-0:amd64		
libwildmidi-config				
libwildmidi1:amd64				
libwind0-heimdal:amd64				
libwine:amd64					
libwine:i386					
libwine-gecko-2.21				
libwmf0.2-7:amd64				
libwnck-common					
libwnck22					
libwpd-0.9-9					
libwpg-0.2-2					
libwps-0.2-2					
libwrap0:amd64					
libwrap0:i386					
libwww-perl					
libwww-robotrules-perl				
libx11-6:amd64					
libx11-6:i386					
libx11-data					
libx11-dev:amd64				
libx11-doc					
libx11-protocol-perl				
libx11-xcb-dev					
libx11-xcb1:amd64				
libx11-xcb1:i386				
libx264-133:amd64				
libx264-133:i386				
libx86-1:amd64					
libxalan2-java					
libxapian22					
libxau-dev:amd64				
libxau6:amd64					
libxau6:i386					
libxaw7:amd64					
libxcb-composite0:amd64				
libxcb-dri2-0:amd64				
libxcb-dri2-0:i386				
libxcb-dri2-0-dev:amd64				
libxcb-glx0:amd64				
libxcb-glx0:i386				
libxcb-glx0-dev:amd64				
libxcb-icccm4:amd64				
libxcb-image0:amd64				
libxcb-keysyms1:amd64				
libxcb-keysyms1-dev:amd64			
libxcb-randr0:amd64				
libxcb-render-util0:amd64			
libxcb-render0:amd64				
libxcb-render0:i386				
libxcb-shape0:amd64				
libxcb-shape0:i386				
libxcb-shm0:amd64				
libxcb-shm0:i386				
libxcb-sync1:amd64				
libxcb-util0:amd64				
libxcb-xfixes0:amd64				
libxcb-xfixes0:i386				
libxcb-xkb1:amd64				
libxcb-xv0:amd64				
libxcb1:amd64					
libxcb1:i386					
libxcb1-dev:amd64				
libxcomposite1:amd64				
libxcomposite1:i386				
libxcursor1:amd64				
libxcursor1:i386				
libxdamage-dev					
libxdamage1:amd64				
libxdamage1:i386				
libxdmcp-dev:amd64				
libxdmcp6:amd64					
libxdmcp6:i386					
libxdo3						
libxerces2-java					
libxext-dev:amd64				
libxext6:amd64					
libxext6:i386					
libxfce4ui-1-0					
libxfce4ui-utils				
libxfce4util-bin				
libxfce4util-common				
libxfce4util6					
libxfcegui4-4					
libxfconf-0-2					
libxfixes-dev					
libxfixes3:amd64				
libxfixes3:i386					
libxfont1:amd64					
libxft-dev					
libxft2:amd64					
libxi6:amd64					
libxi6:i386					
libxinerama-dev:amd64				
libxinerama1:amd64				
libxinerama1:i386				
libxkbcommon0:amd64				
libxkbfile1:amd64				
libxklavier16					
libxml++2.6-2					
libxml-commons-external-java			
libxml-commons-resolver1.1-java			
libxml-libxml-perl				
libxml-namespacesupport-perl			
libxml-parser-perl				
libxml-sax-base-perl				
libxml-sax-expat-perl				
libxml-sax-perl					
libxml-simple-perl				
libxml-twig-perl				
libxml-xpathengine-perl				
libxml2:amd64					
libxml2:i386					
libxml2-dev:amd64				
libxmu6:amd64					
libxmu6:i386					
libxmuu1:amd64					
libxnvctrl0					
libxpm4:amd64					
libxpm4:i386					
libxrandr-dev:amd64				
libxrandr2:amd64				
libxrandr2:i386					
libxrender-dev:amd64				
libxrender1:amd64				
libxrender1:i386				
libxres1:amd64					
libxslt1-dev:amd64				
libxslt1.1:amd64				
libxss1:amd64					
libxss1:i386					
libxt-dev:amd64					
libxt6:amd64					
libxt6:i386					
libxtables10					
libxtst6:amd64					
libxtst6:i386					
libxv1:amd64					
libxv1:i386					
libxvidcore4:amd64				
libxvidcore4:i386				
libxvmc1:amd64					
libxxf86dga1:amd64				
libxxf86vm-dev:amd64				
libxxf86vm1:amd64				
libxxf86vm1:i386				
libxz-java					
libyajl2:amd64					
libyaml-0-2:amd64				
libyelp0					
libytnef0:amd64					
libzbar0					
libzephyr4:amd64				
libzip2						
libzvbi-common					
libzvbi0:amd64					
libzzip-0-13:amd64				
lintian						
linux-base					
linux-compiler-gcc-4.8-x86			
linux-headers-3.12-1-amd64			
linux-headers-3.12-1-common			
linux-headers-amd64				
linux-image-3.12-1-amd64			
linux-image-amd64				
linux-kbuild-3.12				
linux-libc-dev:amd64				
linux-libc-dev:i386				
linux-tools					
linux-tools-3.12				
linuxdcpp					
lirc						
lirc-x						
llvm-3.5					
llvm-3.5-dev					
llvm-3.5-runtime				
lm-sensors					
locales						
lockfile-progs					
login						
logrotate					
lp-solve					
lpr						
lsb-base					
lsb-release					
lsof						
lxappearance					
m4						
make						
man-db						
manpages					
manpages-dev					
mawk						
media-player-info				
memtest86+					
menu						
mesa-common-dev					
mesa-utils					
mesa-utils-extra				
metacity					
metacity-common					
mime-support					
minissdpd					
mlocate						
moap						
moc						
moc-ffmpeg-plugin				
module-init-tools				
mono-4.0-gac					
mono-gac					
mono-runtime					
mount						
mousepad					
mpc						
mpd						
mplayer2					
msr-tools					
mtools						
multiarch-support				
murrine-themes					
mutt						
nautilus-data					
nautilus-dropbox				
ncmpcpp						
ncurses-base					
ncurses-bin					
ncurses-term					
net-tools					
netbase						
netcat-traditional				
netpbm						
nfs-common					
ntfs-3g						
ntp						
ntpdate						
obex-data-server				
obexd-client					
openssh-blacklist				
openssh-blacklist-extra				
openssh-client					
openssh-server					
openssl						
os-prober					
p11-kit						
p7zip-full					
packagekit					
packagekit-backend-aptcc			
packagekit-tools				
padevchooser					
paman						
paprefs						
parted						
passwd						
patch						
patchutils					
pavucontrol					
pavumeter					
pciutils					
pcmciautils					
perl						
perl-base					
perl-modules					
pidgin						
pidgin-data					
pinentry-gtk2					
pkg-config					
pm-utils					
pmount						
po-debconf					
policykit-1					
policykit-1-gnome				
poppler-data					
poppler-utils					
popularity-contest				
powermgmt-base					
powertop					
ppp						
primus						
primus-libs:amd64				
primus-libs:i386				
primus-libs-ia32				
procmail					
procps						
psmisc						
pulseaudio					
pulseaudio-module-gconf				
pulseaudio-module-lirc				
pulseaudio-module-x11				
pulseaudio-module-zeroconf			
pulseaudio-utils				
python						
python-appindicator				
python-apsw					
python-apt					
python-apt-common				
python-beautifulsoup				
python-cairo					
python-cddb					
python-chardet					
python-cheetah					
python-cherrypy3				
python-crypto					
python-cssselect				
python-cssutils					
python-dateutil					
python-dbus					
python-dbus-dev					
python-debian					
python-debianbts				
python-dev					
python-dnspython				
python-feedparser				
python-fpconst					
python-gconf					
python-genshi					
python-gi					
python-gi-cairo					
python-glade2					
python-gobject					
python-gobject-2				
python-gpgme					
python-gpod					
python-gst0.10					
python-gtk2					
python-httplib2					
python-imaging					
python-ldb					
python-librdf					
python-libtorrent				
python-libxml2					
python-lxml					
python-mako					
python-markdown					
python-markupsafe				
python-matplotlib				
python-matplotlib-data				
python-mechanize				
python-minimal					
python-mmkeys					
python-musicbrainz2				
python-mutagen					
python-netifaces				
python-notify					
python-ntdb					
python-numpy					
python-openssl					
python-pam					
python-pil					
python-pkg-resources				
python-pyaudio					
python-pygame					
python-pygments					
python-pyinotify				
python-pyparsing				
python-qt4					
python-reportbug				
python-repoze.lru				
python-routes					
python-samba					
python-serial					
python-simplejson				
python-sip					
python-six					
python-soappy					
python-sqlalchemy				
python-sqlalchemy-ext				
python-support					
python-talloc					
python-tdb					
python-tk					
python-twisted-bin				
python-twisted-core				
python-twisted-web				
python-tz					
python-utidylib					
python-webob					
python-wicd					
python-xdg					
python-yahoo					
python-zope.interface				
python2.6					
python2.6-minimal				
python2.7					
python2.7-dev					
python2.7-minimal				
python3						
python3-apt					
python3-aptdaemon				
python3-aptdaemon.gtk3widgets			
python3-dbus					
python3-defer					
python3-gi					
python3-minimal					
python3-packagekit				
python3-pkg-resources				
python3-software-properties			
python3.3					
python3.3-minimal				
python3.4					
python3.4-dev					
python3.4-doc					
python3.4-minimal				
qdbus						
qjackctl					
qt4-qtconfig					
qt5-default					
qt5-qmake					
qtbase5-dev					
qtbase5-dev-tools				
qtbase5-private-dev				
qtchooser					
qtcore4-l10n					
qtdeclarative5-dev				
qtdeclarative5-dev-tools			
qtquick1-5-dev					
qtquick1-5-dev-tools				
qtscript5-dev					
qttools5-dev					
quodlibet					
quodlibet-plugins				
r8168-dkms					
rar						
rarian-compat					
readline-common					
reportbug					
rfkill						
ristretto					
rpcbind						
rsync						
rsyslog						
rtkit						
rtmpdump					
ruby						
ruby1.9.1					
samba-common					
samba-common-bin				
samba-libs:amd64				
sane-utils					
sed						
sensible-utils					
sensord						
sgml-base					
sgml-data					
shared-mime-info				
shiki-colors-metacity-theme			
shiki-dust-theme				
sl						
smartmontools					
smbclient					
socat						
software-properties-common			
software-properties-gtk				
sqlite3						
steam						
suckless-tools					
sudo						
synaptic					
syslinux					
syslinux-common					
syslinux-themes-debian				
syslinux-themes-debian-wheezy			
systemd						
sysv-rc						
sysvinit					
sysvinit-core					
sysvinit-utils					
t1utils						
tar						
task-english					
task-laptop					
task-ssh-server					
tasksel						
tasksel-data					
tcl						
tcl8.5						
tcpd						
telnet						
texinfo						
thunar						
thunar-archive-plugin				
thunar-data					
thunar-dropbox-plugin				
thunar-media-tags-plugin			
thunar-vcs-plugin				
thunar-volman					
time						
tix						
tk						
tk8.5						
traceroute					
trayer						
tsconf						
ttf-dejavu					
ttf-dejavu-core					
ttf-dejavu-extra				
ttf-liberation					
ttf-sil-gentium-basic				
tumbler						
tumbler-common					
tzdata						
tzdata-java					
ucf						
udev						
udisks						
udisks2						
ufraw-batch					
unar						
unattended-upgrades				
unetbootin					
unetbootin-translations				
uno-libs3					
unzip						
update-inetd					
upower						
ure						
usbmuxd						
usbutils					
util-linux					
util-linux-locales				
uuid-runtime					
vbetool						
vim						
vim-common					
vim-gtk						
vim-gui-common					
vim-runtime					
vlc						
vlc-data					
vlc-nox						
vlc-plugin-notify				
vlc-plugin-pulse				
w3m						
w3m-img						
wamerican					
wdiff						
wget						
whiptail					
whois						
wicd						
wicd-daemon					
wicd-gtk					
wine						
wine32						
wine64						
wireless-regdb					
wireless-tools					
wmctrl						
workrave					
workrave-data					
wpasupplicant					
x11-apps					
x11-common					
x11-session-utils				
x11-utils					
x11-xfs-utils					
x11-xkb-utils					
x11-xserver-utils				
x11proto-core-dev				
x11proto-damage-dev				
x11proto-dri2-dev				
x11proto-fixes-dev				
x11proto-gl-dev					
x11proto-input-dev				
x11proto-kb-dev					
x11proto-randr-dev				
x11proto-render-dev				
x11proto-xext-dev				
x11proto-xf86vidmode-dev			
x11proto-xinerama-dev				
xarchiver					
xauth						
xbacklight					
xbitmaps					
xcalib						
xdg-user-dirs					
xdg-utils					
xdm						
xdotool						
xfce-keyboard-shortcuts				
xfce4-appfinder					
xfce4-notifyd					
xfce4-screenshooter				
xfce4-settings					
xfce4-taskmanager				
xfce4-terminal					
xfce4-volumed					
xfconf						
xfdesktop4					
xfdesktop4-data					
xfonts-100dpi					
xfonts-75dpi					
xfonts-base					
xfonts-encodings				
xfonts-mathml					
xfonts-scalable					
xfonts-utils					
xfwm4						
xfwm4-themes					
xinit						
xinput						
xkb-data					
xml-core					
xmobar						
xmonad						
xorg						
xorg-docs-core					
xorg-sgml-doctools				
xresprobe					
xsane						
xsane-common					
xscreensaver					
xscreensaver-data				
xscreensaver-data-extra				
xscreensaver-gl					
xscreensaver-gl-extra				
xserver-common					
xserver-xorg					
xserver-xorg-core				
xserver-xorg-input-evdev			
xserver-xorg-input-joystick			
xserver-xorg-input-mouse			
xserver-xorg-input-synaptics			
xserver-xorg-video-fbdev			
xserver-xorg-video-intel			
xsettingsd					
xterm						
xtrans-dev					
xulrunner-24.0					
xulrunner-26.0					
xz-utils					
yelp						
yelp-xsl					
youtube-dl					
zathura						
zeal						
zenity						
zenity-common					
zip						
zipcmp						
zipmerge					
zlib1g:amd64					
zlib1g:i386					
zlib1g-dev:amd64				
zsh						
zsh-common					
